============================================================
  Generated by:           Genus(TM) Synthesis Solution GENUS15.20 - 15.20-p004_1
  Generated on:           Aug 04 2024  07:10:00 am
  Module:                 asynchronous_fifo
  Wireload mode:          top
  Area mode:              timing library
============================================================

                                                         
               Gate                Instances     Area                           Library                       
--------------------------------------------------------------------------------------------------------------
sky130_fd_sc_hd__a21o_1                    2      15.014    sky130_fd_sc_hd__tt_025C_1v80                     
sky130_fd_sc_hd__a21oi_1                   3      15.014    sky130_fd_sc_hd__tt_025C_1v80                     
sky130_fd_sc_hd__a2bb2oi_1                 4      35.034    sky130_fd_sc_hd__tt_025C_1v80                     
sky130_fd_sc_hd__and2_0                   18     112.608    sky130_fd_sc_hd__tt_025C_1v80                     
sky130_fd_sc_hd__and2_1                    8      50.048    sky130_fd_sc_hd__tt_025C_1v80                     
sky130_fd_sc_hd__and3_1                    1       6.256    sky130_fd_sc_hd__tt_025C_1v80                     
sky130_fd_sc_hd__and3_2                    1       7.507    sky130_fd_sc_hd__tt_025C_1v80                     
sky130_fd_sc_hd__buf_6                     3      33.782    sky130_fd_sc_hd__tt_025C_1v80                     
sky130_fd_sc_hd__clkinv_1                  4      15.014    sky130_fd_sc_hd__tt_025C_1v80                     
sky130_fd_sc_hd__clkinv_2                  7      35.034    sky130_fd_sc_hd__tt_025C_1v80                     
sky130_fd_sc_hd__dfrtp_1                  21     525.504    sky130_fd_sc_hd__tt_025C_1v80                     
sky130_fd_sc_hd__dfstp_2                   1      26.275    sky130_fd_sc_hd__tt_025C_1v80                     
sky130_fd_sc_hd__dfxtp_1                  28     560.538    sky130_fd_sc_hd__tt_025C_1v80                     
sky130_fd_sc_hd__inv_1                    13      48.797    sky130_fd_sc_hd__tt_025C_1v80                     
sky130_fd_sc_hd__inv_2                     2       7.507    sky130_fd_sc_hd__tt_025C_1v80                     
sky130_fd_sc_hd__mux2i_1                   2      20.019    sky130_fd_sc_hd__tt_025C_1v80                     
sky130_fd_sc_hd__nand2_1                  12      45.043    sky130_fd_sc_hd__tt_025C_1v80                     
sky130_fd_sc_hd__nand2_2                   1       6.256    sky130_fd_sc_hd__tt_025C_1v80                     
sky130_fd_sc_hd__nand2b_1                 10      62.560    sky130_fd_sc_hd__tt_025C_1v80                     
sky130_fd_sc_hd__nand3_1                   2      10.010    sky130_fd_sc_hd__tt_025C_1v80                     
sky130_fd_sc_hd__nand4_1                   2      12.512    sky130_fd_sc_hd__tt_025C_1v80                     
sky130_fd_sc_hd__nor2_1                    3      11.261    sky130_fd_sc_hd__tt_025C_1v80                     
sky130_fd_sc_hd__nor2b_1                   2      12.512    sky130_fd_sc_hd__tt_025C_1v80                     
sky130_fd_sc_hd__nor3_2                    1      10.010    sky130_fd_sc_hd__tt_025C_1v80                     
sky130_fd_sc_hd__o2111ai_1                 1       8.758    sky130_fd_sc_hd__tt_025C_1v80                     
sky130_fd_sc_hd__o21ai_1                   5      25.024    sky130_fd_sc_hd__tt_025C_1v80                     
sky130_fd_sc_hd__o21ai_2                   2      17.517    sky130_fd_sc_hd__tt_025C_1v80                     
sky130_fd_sc_hd__o221ai_1                  1       8.758    sky130_fd_sc_hd__tt_025C_1v80                     
sky130_fd_sc_hd__o2bb2ai_1                 4      35.034    sky130_fd_sc_hd__tt_025C_1v80                     
sky130_fd_sc_hd__or2_0                     1       6.256    sky130_fd_sc_hd__tt_025C_1v80                     
sky130_fd_sc_hd__xor2_1                    7      61.309    sky130_fd_sc_hd__tt_025C_1v80                     
sky130_sram_1kbyte_1rw1r_8x1024_8          1  203273.234    sky130_sram_1kbyte_1rw1r_8x1024_8_TT_1p8V_25C_lib 
--------------------------------------------------------------------------------------------------------------
total                                    173  205120.006                                                      


                     Library                      Instances    Area    Instances % 
-----------------------------------------------------------------------------------
sky130_fd_sc_hd__tt_025C_1v80                           172   1846.771        99.4 
sky130_sram_1kbyte_1rw1r_8x1024_8_TT_1p8V_25C_lib         1 203273.234         0.6 

                                         
    Type     Instances    Area    Area % 
-----------------------------------------
timing_model         1 203273.234   99.1 
sequential          50   1112.317    0.5 
inverter            26    106.352    0.1 
buffer               3     33.782    0.0 
logic               93    594.320    0.3 
-----------------------------------------
total              173 205120.006  100.0 

