============================================================
  Generated by:           Genus(TM) Synthesis Solution GENUS15.20 - 15.20-p004_1
  Generated on:           Aug 04 2024  07:10:00 am
  Module:                 asynchronous_fifo
  Wireload mode:          top
  Area mode:              timing library
============================================================

Timing
--------

Clock Period 
-------------
rclk  2000.0 
wclk  2000.0 


  Cost    Critical           Violating 
 Group   Path Slack   TNS      Paths   
---------------------------------------
default      -375.5   -3004          8 
---------------------------------------
Total                 -3004          8 

Instance Count
--------------
Leaf Instance Count             173 
Sequential Instance Count        51 
Combinational Instance Count    122 
Hierarchical Instance Count       5 

Area
----
Cell Area                          205120.006
Physical Cell Area                 0.000
Total Cell Area (Cell+Physical)    205120.006
Net Area                           0.000
Total Area (Cell+Physical+Net)     205120.006

Max Fanout                         26 (rclk)
Min Fanout                         0 (b_rptr[10])
Average Fanout                     2.1
Terms to net ratio                 3.0
Terms to instance ratio            3.5
Runtime                            5.873 seconds
Elapsed Runtime                    6 seconds
RC peak memory usage:              480.43 
EDI peak memory usage:             no_value 
Hostname                           centos7
